nohup: 忽略输入
AFM: dataset=frappe, factors=[64,128], attention=1, freeze_fm=0, #epoch=100, batch=128, lr=0.0010, lambda_attention=1.0e+02, keep=[1.0,0.5], optimizer=AdagradOptimizer, batch_norm=1, decay=0.999000, activation=relu
#params: 702727
Init: 	 train=1.0004, validation=1.0004 , test=1.0004[5.8 s]
Epoch 1 [9.8 s]	train=0.8152, validation=0.8168, test=0.8176 [5.5 s]
Epoch 2 [9.6 s]	train=0.7140, validation=0.7181, test=0.7197 [5.3 s]
Epoch 3 [9.6 s]	train=0.6609, validation=0.6667, test=0.6688 [5.0 s]
Epoch 4 [10.1 s]	train=0.6307, validation=0.6378, test=0.6401 [5.5 s]
Epoch 5 [9.4 s]	train=0.6118, validation=0.6200, test=0.6223 [5.1 s]
Epoch 6 [10.0 s]	train=0.5988, validation=0.6077, test=0.6103 [5.0 s]
Epoch 7 [10.2 s]	train=0.5903, validation=0.6000, test=0.6026 [5.4 s]
Epoch 8 [9.1 s]	train=0.5841, validation=0.5942, test=0.5968 [5.4 s]
Epoch 9 [9.7 s]	train=0.5793, validation=0.5900, test=0.5927 [5.3 s]
Epoch 10 [9.6 s]	train=0.5758, validation=0.5869, test=0.5895 [4.8 s]
Epoch 11 [9.1 s]	train=0.5728, validation=0.5844, test=0.5869 [5.4 s]
Epoch 12 [9.8 s]	train=0.5707, validation=0.5823, test=0.5850 [5.3 s]
Epoch 13 [9.7 s]	train=0.5689, validation=0.5808, test=0.5835 [4.8 s]
Epoch 14 [9.6 s]	train=0.5673, validation=0.5795, test=0.5821 [5.0 s]
Epoch 15 [10.1 s]	train=0.5659, validation=0.5783, test=0.5810 [5.4 s]
Epoch 16 [9.1 s]	train=0.5649, validation=0.5773, test=0.5800 [5.4 s]
Epoch 17 [9.7 s]	train=0.5639, validation=0.5763, test=0.5791 [5.3 s]
Epoch 18 [9.1 s]	train=0.5627, validation=0.5755, test=0.5783 [5.4 s]
Epoch 19 [9.1 s]	train=0.5619, validation=0.5748, test=0.5774 [5.4 s]
Epoch 20 [9.7 s]	train=0.5609, validation=0.5741, test=0.5767 [5.3 s]
Epoch 21 [9.7 s]	train=0.5601, validation=0.5733, test=0.5760 [5.5 s]
Epoch 22 [9.8 s]	train=0.5595, validation=0.5727, test=0.5753 [5.3 s]
Epoch 23 [9.7 s]	train=0.5587, validation=0.5721, test=0.5747 [5.4 s]
Epoch 24 [9.7 s]	train=0.5581, validation=0.5716, test=0.5742 [5.3 s]
Epoch 25 [9.7 s]	train=0.5574, validation=0.5711, test=0.5736 [5.3 s]
Epoch 26 [9.7 s]	train=0.5568, validation=0.5705, test=0.5731 [4.8 s]
Epoch 27 [9.6 s]	train=0.5562, validation=0.5699, test=0.5725 [5.0 s]
Epoch 28 [10.2 s]	train=0.5557, validation=0.5695, test=0.5720 [5.5 s]
Epoch 29 [9.7 s]	train=0.5551, validation=0.5690, test=0.5716 [5.3 s]
Epoch 30 [9.7 s]	train=0.5546, validation=0.5685, test=0.5711 [4.8 s]
Epoch 31 [9.6 s]	train=0.5540, validation=0.5680, test=0.5706 [5.0 s]
Epoch 32 [10.2 s]	train=0.5535, validation=0.5675, test=0.5701 [5.5 s]
Epoch 33 [9.1 s]	train=0.5530, validation=0.5671, test=0.5696 [5.5 s]
Epoch 34 [9.8 s]	train=0.5525, validation=0.5667, test=0.5692 [5.4 s]
Epoch 35 [9.1 s]	train=0.5521, validation=0.5663, test=0.5687 [5.4 s]
Epoch 36 [9.6 s]	train=0.5516, validation=0.5658, test=0.5683 [5.1 s]
Epoch 37 [10.2 s]	train=0.5512, validation=0.5654, test=0.5680 [5.5 s]
Epoch 38 [10.1 s]	train=0.5507, validation=0.5650, test=0.5677 [4.9 s]
Epoch 39 [9.1 s]	train=0.5503, validation=0.5647, test=0.5674 [5.5 s]
Epoch 40 [9.4 s]	train=0.5499, validation=0.5643, test=0.5670 [5.1 s]
Epoch 41 [10.3 s]	train=0.5495, validation=0.5640, test=0.5666 [5.4 s]
Epoch 42 [9.8 s]	train=0.5491, validation=0.5636, test=0.5662 [5.3 s]
Epoch 43 [9.8 s]	train=0.5488, validation=0.5634, test=0.5660 [5.3 s]
Epoch 44 [9.7 s]	train=0.5484, validation=0.5629, test=0.5656 [5.0 s]
Epoch 45 [10.1 s]	train=0.5480, validation=0.5626, test=0.5654 [5.6 s]
Epoch 46 [9.4 s]	train=0.5476, validation=0.5623, test=0.5650 [5.1 s]
Epoch 47 [10.3 s]	train=0.5473, validation=0.5621, test=0.5647 [5.4 s]
Epoch 48 [10.3 s]	train=0.5470, validation=0.5618, test=0.5645 [5.4 s]
Epoch 49 [9.7 s]	train=0.5466, validation=0.5615, test=0.5642 [5.4 s]
Epoch 50 [9.7 s]	train=0.5463, validation=0.5612, test=0.5639 [5.3 s]
Epoch 51 [9.8 s]	train=0.5460, validation=0.5609, test=0.5637 [5.3 s]
Epoch 52 [9.2 s]	train=0.5457, validation=0.5606, test=0.5634 [5.4 s]
Epoch 53 [9.1 s]	train=0.5454, validation=0.5603, test=0.5632 [5.4 s]
Epoch 54 [9.7 s]	train=0.5451, validation=0.5601, test=0.5629 [5.4 s]
Epoch 55 [9.8 s]	train=0.5448, validation=0.5599, test=0.5628 [5.4 s]
Epoch 56 [9.1 s]	train=0.5445, validation=0.5595, test=0.5624 [5.4 s]
Epoch 57 [9.6 s]	train=0.5442, validation=0.5594, test=0.5622 [4.9 s]
Epoch 58 [9.8 s]	train=0.5440, validation=0.5592, test=0.5620 [5.6 s]
Epoch 59 [9.4 s]	train=0.5436, validation=0.5590, test=0.5617 [5.7 s]
Epoch 60 [10.3 s]	train=0.5434, validation=0.5587, test=0.5616 [5.6 s]
Epoch 61 [10.2 s]	train=0.5432, validation=0.5585, test=0.5614 [5.5 s]
Epoch 62 [9.8 s]	train=0.5429, validation=0.5583, test=0.5612 [5.3 s]
Epoch 63 [9.7 s]	train=0.5427, validation=0.5581, test=0.5610 [5.4 s]
Epoch 64 [9.8 s]	train=0.5425, validation=0.5580, test=0.5608 [5.3 s]
Epoch 65 [9.7 s]	train=0.5422, validation=0.5578, test=0.5605 [5.0 s]
Epoch 66 [10.2 s]	train=0.5420, validation=0.5576, test=0.5603 [5.4 s]
Epoch 67 [9.8 s]	train=0.5418, validation=0.5574, test=0.5602 [5.3 s]
Epoch 68 [9.7 s]	train=0.5416, validation=0.5573, test=0.5600 [4.8 s]
Epoch 69 [9.7 s]	train=0.5414, validation=0.5571, test=0.5598 [5.0 s]
Epoch 70 [10.2 s]	train=0.5411, validation=0.5569, test=0.5597 [5.5 s]
Epoch 71 [9.2 s]	train=0.5409, validation=0.5567, test=0.5595 [5.4 s]
Epoch 72 [9.8 s]	train=0.5407, validation=0.5565, test=0.5593 [5.3 s]
Epoch 73 [9.8 s]	train=0.5405, validation=0.5563, test=0.5591 [5.4 s]
Epoch 74 [9.7 s]	train=0.5403, validation=0.5562, test=0.5590 [5.0 s]
Epoch 75 [10.1 s]	train=0.5401, validation=0.5560, test=0.5589 [5.5 s]
Epoch 76 [9.8 s]	train=0.5399, validation=0.5559, test=0.5587 [5.3 s]
Epoch 77 [9.7 s]	train=0.5397, validation=0.5557, test=0.5585 [4.8 s]
Epoch 78 [9.1 s]	train=0.5395, validation=0.5556, test=0.5584 [5.4 s]
Epoch 79 [9.1 s]	train=0.5394, validation=0.5554, test=0.5583 [5.4 s]
Epoch 80 [9.8 s]	train=0.5392, validation=0.5553, test=0.5581 [5.3 s]
Epoch 81 [9.8 s]	train=0.5390, validation=0.5552, test=0.5580 [5.4 s]
Epoch 82 [9.2 s]	train=0.5388, validation=0.5550, test=0.5578 [5.4 s]
Epoch 83 [9.8 s]	train=0.5387, validation=0.5549, test=0.5576 [5.0 s]
Epoch 84 [10.1 s]	train=0.5385, validation=0.5548, test=0.5575 [5.4 s]
Epoch 85 [10.4 s]	train=0.5384, validation=0.5546, test=0.5573 [5.5 s]
Epoch 86 [9.8 s]	train=0.5382, validation=0.5545, test=0.5573 [5.3 s]
Epoch 87 [9.7 s]	train=0.5380, validation=0.5544, test=0.5571 [5.1 s]
Epoch 88 [10.1 s]	train=0.5378, validation=0.5543, test=0.5570 [5.4 s]
Epoch 89 [9.8 s]	train=0.5377, validation=0.5542, test=0.5569 [5.3 s]
Epoch 90 [9.2 s]	train=0.5376, validation=0.5541, test=0.5568 [5.4 s]
Epoch 91 [9.1 s]	train=0.5374, validation=0.5540, test=0.5566 [5.4 s]
Epoch 92 [9.1 s]	train=0.5372, validation=0.5538, test=0.5565 [5.4 s]
Epoch 93 [9.8 s]	train=0.5371, validation=0.5537, test=0.5564 [5.3 s]
Epoch 94 [9.6 s]	train=0.5369, validation=0.5536, test=0.5563 [5.0 s]
Epoch 95 [10.1 s]	train=0.5368, validation=0.5535, test=0.5561 [4.8 s]
Epoch 96 [9.5 s]	train=0.5366, validation=0.5534, test=0.5561 [4.9 s]
Epoch 97 [9.1 s]	train=0.5365, validation=0.5533, test=0.5560 [5.5 s]
Epoch 98 [9.7 s]	train=0.5363, validation=0.5532, test=0.5559 [5.3 s]
Epoch 99 [9.1 s]	train=0.5362, validation=0.5531, test=0.5557 [5.5 s]
Epoch 100 [9.1 s]	train=0.5361, validation=0.5530, test=0.5556 [5.4 s]
Best Iter(validation)= 100	 train = 0.5361, valid = 0.5530, test= 0.5556 [1503.3 s]
