nohup: 忽略输入
AFM: dataset=frappe, factors=[64,128], attention=1, freeze_fm=0, #epoch=100, batch=128, lr=0.0500, lambda_attention=1.0e+02, keep=[1.0,0.5], optimizer=AdagradOptimizer, batch_norm=1, decay=0.999000, activation=relu
#params: 702727
Init: 	 train=1.0004, validation=1.0004 , test=1.0004[5.3 s]
Epoch 1 [9.1 s]	train=0.4172, validation=0.4719, test=0.4753 [4.8 s]
Epoch 2 [9.1 s]	train=0.3420, validation=0.4288, test=0.4318 [4.8 s]
Epoch 3 [9.1 s]	train=0.2983, validation=0.4063, test=0.4086 [4.7 s]
Epoch 4 [9.1 s]	train=0.2696, validation=0.3954, test=0.3955 [4.8 s]
Epoch 5 [9.2 s]	train=0.2502, validation=0.3891, test=0.3906 [4.8 s]
Epoch 6 [9.1 s]	train=0.2294, validation=0.3799, test=0.3822 [4.7 s]
Epoch 7 [9.1 s]	train=0.2152, validation=0.3734, test=0.3744 [4.7 s]
Epoch 8 [9.0 s]	train=0.2051, validation=0.3708, test=0.3720 [4.8 s]
Epoch 9 [9.5 s]	train=0.1959, validation=0.3684, test=0.3696 [5.5 s]
Epoch 10 [9.5 s]	train=0.1887, validation=0.3656, test=0.3671 [4.7 s]
Epoch 11 [9.0 s]	train=0.1826, validation=0.3631, test=0.3652 [4.8 s]
Epoch 12 [9.5 s]	train=0.1774, validation=0.3615, test=0.3638 [5.4 s]
Epoch 13 [9.1 s]	train=0.1723, validation=0.3601, test=0.3625 [5.5 s]
Epoch 14 [9.7 s]	train=0.1695, validation=0.3587, test=0.3608 [5.3 s]
Epoch 15 [9.5 s]	train=0.1649, validation=0.3579, test=0.3598 [5.4 s]
Epoch 16 [9.5 s]	train=0.1614, validation=0.3554, test=0.3578 [5.4 s]
Epoch 17 [9.1 s]	train=0.1584, validation=0.3558, test=0.3581 [4.7 s]
Epoch 18 [9.0 s]	train=0.1557, validation=0.3552, test=0.3574 [4.8 s]
Epoch 19 [9.1 s]	train=0.1542, validation=0.3549, test=0.3570 [5.4 s]
Epoch 20 [9.5 s]	train=0.1524, validation=0.3536, test=0.3556 [5.5 s]
Epoch 21 [9.0 s]	train=0.1498, validation=0.3527, test=0.3553 [4.8 s]
Epoch 22 [9.5 s]	train=0.1490, validation=0.3534, test=0.3557 [5.4 s]
Epoch 23 [9.0 s]	train=0.1467, validation=0.3517, test=0.3544 [5.5 s]
Epoch 24 [9.8 s]	train=0.1460, validation=0.3520, test=0.3548 [5.3 s]
Epoch 25 [9.6 s]	train=0.1438, validation=0.3513, test=0.3540 [5.4 s]
Epoch 26 [9.7 s]	train=0.1425, validation=0.3504, test=0.3536 [5.3 s]
Epoch 27 [9.6 s]	train=0.1413, validation=0.3500, test=0.3530 [4.8 s]
Epoch 28 [9.1 s]	train=0.1397, validation=0.3498, test=0.3526 [5.4 s]
Epoch 29 [9.7 s]	train=0.1381, validation=0.3494, test=0.3524 [5.3 s]
Epoch 30 [9.6 s]	train=0.1364, validation=0.3483, test=0.3515 [5.4 s]
Epoch 31 [9.6 s]	train=0.1355, validation=0.3483, test=0.3520 [5.3 s]
Epoch 32 [9.6 s]	train=0.1348, validation=0.3483, test=0.3515 [5.5 s]
Epoch 33 [9.7 s]	train=0.1343, validation=0.3484, test=0.3513 [5.3 s]
Epoch 34 [9.6 s]	train=0.1333, validation=0.3478, test=0.3511 [5.3 s]
Epoch 35 [9.6 s]	train=0.1330, validation=0.3471, test=0.3503 [5.3 s]
Epoch 36 [9.6 s]	train=0.1316, validation=0.3462, test=0.3499 [5.3 s]
Epoch 37 [9.6 s]	train=0.1306, validation=0.3468, test=0.3497 [5.3 s]
Epoch 38 [9.7 s]	train=0.1303, validation=0.3460, test=0.3488 [5.5 s]
Epoch 39 [9.2 s]	train=0.1286, validation=0.3463, test=0.3495 [5.4 s]
Epoch 40 [9.1 s]	train=0.1287, validation=0.3455, test=0.3491 [5.5 s]
Epoch 41 [9.6 s]	train=0.1284, validation=0.3459, test=0.3497 [5.3 s]
Epoch 42 [9.6 s]	train=0.1279, validation=0.3458, test=0.3495 [5.3 s]
Epoch 43 [9.7 s]	train=0.1274, validation=0.3453, test=0.3482 [5.2 s]
Epoch 44 [9.7 s]	train=0.1258, validation=0.3455, test=0.3487 [5.3 s]
Epoch 45 [9.9 s]	train=0.1253, validation=0.3456, test=0.3488 [5.3 s]
Epoch 46 [10.0 s]	train=0.1258, validation=0.3462, test=0.3491 [5.0 s]
Epoch 47 [9.9 s]	train=0.1251, validation=0.3450, test=0.3481 [5.4 s]
Epoch 48 [9.5 s]	train=0.1243, validation=0.3449, test=0.3478 [4.9 s]
Epoch 49 [9.4 s]	train=0.1239, validation=0.3459, test=0.3493 [5.0 s]
Epoch 50 [9.7 s]	train=0.1234, validation=0.3448, test=0.3479 [5.3 s]
Epoch 51 [9.1 s]	train=0.1223, validation=0.3443, test=0.3477 [5.4 s]
Epoch 52 [9.5 s]	train=0.1225, validation=0.3448, test=0.3479 [4.9 s]
Epoch 53 [10.1 s]	train=0.1218, validation=0.3447, test=0.3479 [5.0 s]
Epoch 54 [10.1 s]	train=0.1215, validation=0.3441, test=0.3475 [4.9 s]
Epoch 55 [9.1 s]	train=0.1220, validation=0.3448, test=0.3483 [5.5 s]
Epoch 56 [9.7 s]	train=0.1216, validation=0.3443, test=0.3478 [5.3 s]
Epoch 57 [9.7 s]	train=0.1205, validation=0.3444, test=0.3478 [5.4 s]
Epoch 58 [9.7 s]	train=0.1203, validation=0.3433, test=0.3471 [5.3 s]
Epoch 59 [9.1 s]	train=0.1206, validation=0.3441, test=0.3477 [5.4 s]
Epoch 60 [9.6 s]	train=0.1203, validation=0.3437, test=0.3471 [5.3 s]
Epoch 61 [9.1 s]	train=0.1196, validation=0.3442, test=0.3478 [5.4 s]
Epoch 62 [9.7 s]	train=0.1191, validation=0.3427, test=0.3466 [5.4 s]
Epoch 63 [9.6 s]	train=0.1189, validation=0.3435, test=0.3472 [5.3 s]
Epoch 64 [9.6 s]	train=0.1178, validation=0.3425, test=0.3462 [4.7 s]
Epoch 65 [9.3 s]	train=0.1184, validation=0.3436, test=0.3470 [5.0 s]
Epoch 66 [9.7 s]	train=0.1175, validation=0.3425, test=0.3459 [5.4 s]
Epoch 67 [9.6 s]	train=0.1177, validation=0.3430, test=0.3467 [5.3 s]
Epoch 68 [9.1 s]	train=0.1172, validation=0.3424, test=0.3457 [5.3 s]
Epoch 69 [9.7 s]	train=0.1168, validation=0.3436, test=0.3467 [5.2 s]
Epoch 70 [9.5 s]	train=0.1177, validation=0.3433, test=0.3464 [4.9 s]
Epoch 71 [10.0 s]	train=0.1173, validation=0.3438, test=0.3468 [5.3 s]
Epoch 72 [9.6 s]	train=0.1168, validation=0.3430, test=0.3461 [5.3 s]
Epoch 73 [9.6 s]	train=0.1168, validation=0.3433, test=0.3462 [5.3 s]
Epoch 74 [9.6 s]	train=0.1161, validation=0.3431, test=0.3465 [4.9 s]
Epoch 75 [10.0 s]	train=0.1157, validation=0.3426, test=0.3459 [5.6 s]
Epoch 76 [9.0 s]	train=0.1158, validation=0.3427, test=0.3459 [5.5 s]
Epoch 77 [10.2 s]	train=0.1151, validation=0.3430, test=0.3464 [5.3 s]
Epoch 78 [9.6 s]	train=0.1150, validation=0.3421, test=0.3455 [5.3 s]
Epoch 79 [9.7 s]	train=0.1152, validation=0.3423, test=0.3458 [5.3 s]
Epoch 80 [9.6 s]	train=0.1146, validation=0.3431, test=0.3461 [5.3 s]
Epoch 81 [9.6 s]	train=0.1147, validation=0.3426, test=0.3455 [4.9 s]
Epoch 82 [10.0 s]	train=0.1142, validation=0.3422, test=0.3452 [5.2 s]
Epoch 83 [9.0 s]	train=0.1136, validation=0.3420, test=0.3448 [5.4 s]
Epoch 84 [10.0 s]	train=0.1144, validation=0.3423, test=0.3452 [5.3 s]
Epoch 85 [9.6 s]	train=0.1142, validation=0.3416, test=0.3446 [5.3 s]
Epoch 86 [9.6 s]	train=0.1133, validation=0.3419, test=0.3446 [5.3 s]
Epoch 87 [9.6 s]	train=0.1135, validation=0.3418, test=0.3447 [5.0 s]
Epoch 88 [10.1 s]	train=0.1133, validation=0.3427, test=0.3455 [5.5 s]
Epoch 89 [10.0 s]	train=0.1135, validation=0.3428, test=0.3456 [5.4 s]
Epoch 90 [9.7 s]	train=0.1129, validation=0.3423, test=0.3452 [5.3 s]
Epoch 91 [9.0 s]	train=0.1125, validation=0.3417, test=0.3447 [5.4 s]
Epoch 92 [9.0 s]	train=0.1128, validation=0.3425, test=0.3458 [5.4 s]
Epoch 93 [9.2 s]	train=0.1124, validation=0.3413, test=0.3444 [5.1 s]
Epoch 94 [9.6 s]	train=0.1120, validation=0.3418, test=0.3450 [4.8 s]
Epoch 95 [9.0 s]	train=0.1115, validation=0.3411, test=0.3444 [5.4 s]
Epoch 96 [9.0 s]	train=0.1117, validation=0.3418, test=0.3452 [5.5 s]
Epoch 97 [9.3 s]	train=0.1116, validation=0.3416, test=0.3448 [5.0 s]
Epoch 98 [10.1 s]	train=0.1115, validation=0.3417, test=0.3451 [5.4 s]
Epoch 99 [9.7 s]	train=0.1112, validation=0.3408, test=0.3443 [5.3 s]
Epoch 100 [9.1 s]	train=0.1110, validation=0.3409, test=0.3443 [5.4 s]
Best Iter(validation)= 99	 train = 0.1112, valid = 0.3408, test= 0.3443 [1477.0 s]
