nohup: 忽略输入
AFM: dataset=frappe, factors=[64,128], attention=2, freeze_fm=0, #epoch=100, batch=128, lr=0.0010, lambda_attention=1.0e+02, keep=[1.0,0.5], optimizer=AdagradOptimizer, batch_norm=1, decay=0.999000, activation=relu
#params: 700231
Init: 	 train=1.0000, validation=1.0000 , test=1.0000[5.4 s]
Epoch 1 [9.6 s]	train=0.8574, validation=0.8564, test=0.8569 [5.4 s]
Epoch 2 [9.4 s]	train=0.6378, validation=0.6420, test=0.6441 [5.4 s]
Epoch 3 [9.1 s]	train=0.6050, validation=0.6112, test=0.6129 [5.4 s]
Epoch 4 [8.6 s]	train=0.5928, validation=0.6001, test=0.6018 [5.3 s]
Epoch 5 [9.1 s]	train=0.5862, validation=0.5943, test=0.5959 [5.4 s]
Epoch 6 [9.6 s]	train=0.5819, validation=0.5905, test=0.5921 [5.3 s]
Epoch 7 [9.3 s]	train=0.5790, validation=0.5877, test=0.5895 [5.4 s]
Epoch 8 [8.8 s]	train=0.5764, validation=0.5853, test=0.5872 [5.0 s]
Epoch 9 [9.2 s]	train=0.5744, validation=0.5835, test=0.5855 [5.3 s]
Epoch 10 [8.9 s]	train=0.5726, validation=0.5819, test=0.5840 [5.0 s]
Epoch 11 [9.1 s]	train=0.5712, validation=0.5804, test=0.5826 [5.4 s]
Epoch 12 [9.1 s]	train=0.5699, validation=0.5792, test=0.5815 [5.4 s]
Epoch 13 [8.9 s]	train=0.5687, validation=0.5782, test=0.5805 [4.9 s]
Epoch 14 [9.7 s]	train=0.5678, validation=0.5773, test=0.5796 [5.4 s]
Epoch 15 [9.1 s]	train=0.5667, validation=0.5763, test=0.5787 [5.4 s]
Epoch 16 [8.7 s]	train=0.5659, validation=0.5755, test=0.5780 [5.1 s]
Epoch 17 [9.4 s]	train=0.5651, validation=0.5748, test=0.5772 [5.4 s]
Epoch 18 [9.3 s]	train=0.5643, validation=0.5741, test=0.5765 [5.5 s]
Epoch 19 [8.7 s]	train=0.5637, validation=0.5735, test=0.5760 [5.1 s]
Epoch 20 [9.4 s]	train=0.5631, validation=0.5729, test=0.5754 [5.4 s]
Epoch 21 [9.3 s]	train=0.5625, validation=0.5724, test=0.5749 [5.6 s]
Epoch 22 [9.1 s]	train=0.5620, validation=0.5719, test=0.5744 [5.2 s]
Epoch 23 [9.3 s]	train=0.5614, validation=0.5714, test=0.5740 [5.3 s]
Epoch 24 [9.0 s]	train=0.5609, validation=0.5710, test=0.5736 [5.3 s]
Epoch 25 [9.0 s]	train=0.5605, validation=0.5706, test=0.5731 [5.3 s]
Epoch 26 [9.4 s]	train=0.5600, validation=0.5703, test=0.5728 [5.3 s]
Epoch 27 [9.3 s]	train=0.5596, validation=0.5699, test=0.5724 [5.4 s]
Epoch 28 [8.5 s]	train=0.5593, validation=0.5696, test=0.5721 [5.4 s]
Epoch 29 [9.0 s]	train=0.5589, validation=0.5693, test=0.5717 [5.3 s]
Epoch 30 [9.1 s]	train=0.5586, validation=0.5690, test=0.5714 [5.3 s]
Epoch 31 [9.0 s]	train=0.5582, validation=0.5687, test=0.5711 [5.3 s]
Epoch 32 [9.0 s]	train=0.5579, validation=0.5684, test=0.5708 [5.3 s]
Epoch 33 [8.5 s]	train=0.5576, validation=0.5681, test=0.5705 [5.3 s]
Epoch 34 [9.0 s]	train=0.5573, validation=0.5679, test=0.5703 [5.3 s]
Epoch 35 [9.0 s]	train=0.5570, validation=0.5677, test=0.5700 [5.3 s]
Epoch 36 [9.1 s]	train=0.5567, validation=0.5674, test=0.5698 [5.3 s]
Epoch 37 [8.7 s]	train=0.5566, validation=0.5672, test=0.5696 [5.0 s]
Epoch 38 [8.5 s]	train=0.5563, validation=0.5670, test=0.5694 [5.3 s]
Epoch 39 [9.0 s]	train=0.5560, validation=0.5668, test=0.5692 [5.3 s]
Epoch 40 [9.0 s]	train=0.5558, validation=0.5666, test=0.5691 [5.3 s]
Epoch 41 [8.5 s]	train=0.5556, validation=0.5664, test=0.5689 [5.3 s]
Epoch 42 [9.0 s]	train=0.5554, validation=0.5662, test=0.5687 [5.3 s]
Epoch 43 [9.1 s]	train=0.5552, validation=0.5661, test=0.5685 [5.3 s]
Epoch 44 [9.4 s]	train=0.5549, validation=0.5659, test=0.5683 [5.3 s]
Epoch 45 [9.0 s]	train=0.5548, validation=0.5657, test=0.5682 [5.3 s]
Epoch 46 [8.7 s]	train=0.5546, validation=0.5656, test=0.5680 [5.1 s]
Epoch 47 [8.5 s]	train=0.5544, validation=0.5654, test=0.5678 [5.3 s]
Epoch 48 [8.6 s]	train=0.5543, validation=0.5653, test=0.5677 [5.2 s]
Epoch 49 [8.5 s]	train=0.5541, validation=0.5651, test=0.5675 [5.3 s]
Epoch 50 [9.0 s]	train=0.5540, validation=0.5650, test=0.5674 [5.3 s]
Epoch 51 [8.5 s]	train=0.5538, validation=0.5648, test=0.5672 [5.3 s]
Epoch 52 [9.4 s]	train=0.5537, validation=0.5647, test=0.5671 [5.4 s]
Epoch 53 [9.1 s]	train=0.5535, validation=0.5646, test=0.5670 [5.3 s]
Epoch 54 [9.1 s]	train=0.5534, validation=0.5645, test=0.5669 [5.3 s]
Epoch 55 [8.7 s]	train=0.5532, validation=0.5643, test=0.5667 [5.0 s]
Epoch 56 [8.8 s]	train=0.5531, validation=0.5642, test=0.5666 [4.9 s]
Epoch 57 [9.2 s]	train=0.5529, validation=0.5641, test=0.5665 [5.2 s]
Epoch 58 [8.8 s]	train=0.5529, validation=0.5640, test=0.5664 [4.9 s]
Epoch 59 [9.6 s]	train=0.5527, validation=0.5639, test=0.5663 [5.4 s]
Epoch 60 [9.1 s]	train=0.5526, validation=0.5638, test=0.5662 [5.3 s]
Epoch 61 [8.6 s]	train=0.5525, validation=0.5637, test=0.5661 [5.1 s]
Epoch 62 [8.5 s]	train=0.5524, validation=0.5636, test=0.5661 [5.4 s]
Epoch 63 [8.5 s]	train=0.5523, validation=0.5635, test=0.5659 [5.2 s]
Epoch 64 [8.8 s]	train=0.5522, validation=0.5635, test=0.5659 [5.8 s]
Epoch 65 [8.8 s]	train=0.5520, validation=0.5634, test=0.5657 [4.9 s]
Epoch 66 [9.2 s]	train=0.5520, validation=0.5633, test=0.5656 [5.0 s]
Epoch 67 [9.3 s]	train=0.5519, validation=0.5632, test=0.5656 [4.9 s]
Epoch 68 [9.7 s]	train=0.5518, validation=0.5631, test=0.5655 [5.5 s]
Epoch 69 [8.7 s]	train=0.5517, validation=0.5631, test=0.5654 [5.0 s]
Epoch 70 [8.8 s]	train=0.5516, validation=0.5630, test=0.5653 [4.9 s]
Epoch 71 [9.6 s]	train=0.5515, validation=0.5629, test=0.5653 [5.3 s]
Epoch 72 [9.1 s]	train=0.5514, validation=0.5628, test=0.5652 [5.3 s]
Epoch 73 [8.5 s]	train=0.5513, validation=0.5627, test=0.5651 [5.4 s]
Epoch 74 [9.0 s]	train=0.5513, validation=0.5627, test=0.5651 [5.3 s]
Epoch 75 [8.7 s]	train=0.5512, validation=0.5626, test=0.5650 [5.0 s]
Epoch 76 [9.4 s]	train=0.5511, validation=0.5625, test=0.5649 [5.4 s]
Epoch 77 [9.2 s]	train=0.5511, validation=0.5625, test=0.5649 [5.4 s]
Epoch 78 [9.0 s]	train=0.5510, validation=0.5625, test=0.5648 [5.3 s]
Epoch 79 [9.0 s]	train=0.5509, validation=0.5624, test=0.5647 [5.3 s]
Epoch 80 [9.1 s]	train=0.5508, validation=0.5623, test=0.5647 [5.3 s]
Epoch 81 [9.0 s]	train=0.5508, validation=0.5622, test=0.5646 [5.3 s]
Epoch 82 [9.0 s]	train=0.5507, validation=0.5622, test=0.5645 [5.3 s]
Epoch 83 [8.8 s]	train=0.5506, validation=0.5621, test=0.5645 [4.9 s]
Epoch 84 [8.8 s]	train=0.5506, validation=0.5621, test=0.5645 [4.9 s]
Epoch 85 [9.5 s]	train=0.5505, validation=0.5620, test=0.5644 [5.3 s]
Epoch 86 [9.1 s]	train=0.5504, validation=0.5620, test=0.5643 [5.3 s]
Epoch 87 [8.7 s]	train=0.5503, validation=0.5619, test=0.5643 [5.0 s]
Epoch 88 [9.0 s]	train=0.5503, validation=0.5619, test=0.5642 [5.3 s]
Epoch 89 [9.1 s]	train=0.5503, validation=0.5618, test=0.5642 [5.3 s]
Epoch 90 [9.1 s]	train=0.5502, validation=0.5618, test=0.5641 [5.3 s]
Epoch 91 [9.0 s]	train=0.5501, validation=0.5617, test=0.5641 [5.3 s]
Epoch 92 [8.5 s]	train=0.5501, validation=0.5617, test=0.5641 [5.3 s]
Epoch 93 [9.1 s]	train=0.5500, validation=0.5616, test=0.5640 [5.3 s]
Epoch 94 [8.5 s]	train=0.5499, validation=0.5616, test=0.5640 [5.2 s]
Epoch 95 [8.8 s]	train=0.5500, validation=0.5616, test=0.5640 [4.9 s]
Epoch 96 [8.5 s]	train=0.5498, validation=0.5615, test=0.5639 [5.3 s]
Epoch 97 [9.0 s]	train=0.5498, validation=0.5615, test=0.5639 [5.3 s]
Epoch 98 [9.1 s]	train=0.5498, validation=0.5615, test=0.5638 [5.3 s]
Epoch 99 [8.7 s]	train=0.5498, validation=0.5614, test=0.5638 [5.0 s]
Epoch 100 [9.0 s]	train=0.5497, validation=0.5614, test=0.5637 [5.3 s]
Best Iter(validation)= 100	 train = 0.5497, valid = 0.5614, test= 0.5637 [1432.0 s]
