nohup: 忽略输入
AFM: dataset=frappe, factors=[64,128], attention=2, freeze_fm=0, #epoch=100, batch=128, lr=0.0500, lambda_attention=1.0e+02, keep=[1.0,0.5], optimizer=AdagradOptimizer, batch_norm=1, decay=0.999000, activation=relu
#params: 700231
Init: 	 train=1.0000, validation=1.0000 , test=1.0000[5.9 s]
Epoch 1 [9.5 s]	train=0.4309, validation=0.4762, test=0.4802 [5.4 s]
Epoch 2 [9.7 s]	train=0.3435, validation=0.4268, test=0.4308 [5.3 s]
Epoch 3 [9.0 s]	train=0.2943, validation=0.4032, test=0.4075 [4.9 s]
Epoch 4 [9.8 s]	train=0.2589, validation=0.3893, test=0.3930 [5.5 s]
Epoch 5 [9.2 s]	train=0.2371, validation=0.3797, test=0.3839 [5.5 s]
Epoch 6 [9.2 s]	train=0.2235, validation=0.3755, test=0.3795 [5.4 s]
Epoch 7 [8.9 s]	train=0.2083, validation=0.3709, test=0.3749 [4.9 s]
Epoch 8 [9.7 s]	train=0.1951, validation=0.3655, test=0.3705 [5.6 s]
Epoch 9 [9.3 s]	train=0.1834, validation=0.3613, test=0.3658 [5.3 s]
Epoch 10 [8.6 s]	train=0.1818, validation=0.3615, test=0.3663 [5.3 s]
Epoch 11 [8.6 s]	train=0.1758, validation=0.3586, test=0.3640 [5.4 s]
Epoch 12 [9.2 s]	train=0.1700, validation=0.3566, test=0.3616 [5.4 s]
Epoch 13 [9.2 s]	train=0.1638, validation=0.3557, test=0.3606 [5.3 s]
Epoch 14 [9.2 s]	train=0.1689, validation=0.3556, test=0.3605 [5.3 s]
Epoch 15 [9.3 s]	train=0.1551, validation=0.3507, test=0.3558 [5.3 s]
Epoch 16 [9.2 s]	train=0.1470, validation=0.3465, test=0.3516 [5.4 s]
Epoch 17 [9.0 s]	train=0.1381, validation=0.3423, test=0.3469 [4.9 s]
Epoch 18 [9.8 s]	train=0.1239, validation=0.3332, test=0.3383 [5.5 s]
Epoch 19 [9.2 s]	train=0.1204, validation=0.3318, test=0.3371 [5.4 s]
Epoch 20 [9.2 s]	train=0.0993, validation=0.3310, test=0.3365 [5.4 s]
Epoch 21 [8.6 s]	train=0.0904, validation=0.3368, test=0.3428 [5.4 s]
Epoch 22 [8.6 s]	train=0.0833, validation=0.3294, test=0.3352 [5.4 s]
Epoch 23 [9.2 s]	train=0.0854, validation=0.3243, test=0.3299 [5.5 s]
Epoch 24 [9.1 s]	train=0.0888, validation=0.3245, test=0.3304 [5.4 s]
Epoch 25 [9.3 s]	train=0.0743, validation=0.3217, test=0.3278 [5.3 s]
Epoch 26 [9.0 s]	train=0.0691, validation=0.3317, test=0.3380 [4.9 s]
Epoch 27 [9.8 s]	train=0.0669, validation=0.3253, test=0.3321 [5.4 s]
Epoch 28 [9.7 s]	train=0.0626, validation=0.3274, test=0.3339 [5.5 s]
Epoch 29 [9.4 s]	train=0.0686, validation=0.3268, test=0.3333 [5.3 s]
Epoch 30 [8.9 s]	train=0.0684, validation=0.3230, test=0.3297 [5.0 s]
Epoch 31 [9.0 s]	train=0.0743, validation=0.3232, test=0.3299 [4.9 s]
Epoch 32 [8.6 s]	train=0.0559, validation=0.3264, test=0.3333 [5.5 s]
Epoch 33 [9.2 s]	train=0.0649, validation=0.3266, test=0.3328 [5.3 s]
Epoch 34 [8.6 s]	train=0.0750, validation=0.3259, test=0.3320 [5.4 s]
Epoch 35 [9.2 s]	train=0.0616, validation=0.3230, test=0.3296 [5.4 s]
Epoch 36 [8.6 s]	train=0.0580, validation=0.3344, test=0.3411 [5.4 s]
Epoch 37 [8.7 s]	train=0.0556, validation=0.3316, test=0.3385 [5.5 s]
Epoch 38 [9.6 s]	train=0.0624, validation=0.3221, test=0.3285 [5.4 s]
Epoch 39 [9.6 s]	train=0.0626, validation=0.3242, test=0.3308 [4.9 s]
Epoch 40 [9.9 s]	train=0.0577, validation=0.3234, test=0.3301 [5.4 s]
Epoch 41 [9.3 s]	train=0.0529, validation=0.3271, test=0.3336 [5.4 s]
Epoch 42 [9.0 s]	train=0.0472, validation=0.3281, test=0.3349 [4.9 s]
Epoch 43 [9.8 s]	train=0.0473, validation=0.3319, test=0.3391 [5.4 s]
Epoch 44 [9.2 s]	train=0.0547, validation=0.3391, test=0.3462 [5.3 s]
Best Iter(validation)= 25	 train = 0.0743, valid = 0.3217, test= 0.3278 [645.4 s]
