nohup: 忽略输入
AFM: dataset=frappe, factors=[64,128], layers= [64], attention=1, freeze_fm=0, #epoch=100, batch=128, lr=0.0500, lambda_attention=1.0e+02, keep=[1.0,0.8,0.5], optimizer=AdagradOptimizer, batch_norm=1, decay=0.999000, activation=relu
#params: 710919
Init: 	 train=0.9871, validation=0.9921 , test=0.9934[5.8 s]
Epoch 1 [9.6 s]	train=0.4435, validation=0.4753, test=0.4729 [5.0 s]
Epoch 2 [9.6 s]	train=0.2861, validation=0.4029, test=0.4067 [5.0 s]
Epoch 3 [9.6 s]	train=0.2240, validation=0.3757, test=0.3793 [5.0 s]
Epoch 4 [9.6 s]	train=0.1764, validation=0.3618, test=0.3657 [5.0 s]
Epoch 5 [9.6 s]	train=0.1508, validation=0.3543, test=0.3563 [5.0 s]
Epoch 6 [9.6 s]	train=0.1262, validation=0.3471, test=0.3510 [5.0 s]
Epoch 7 [9.6 s]	train=0.1147, validation=0.3457, test=0.3498 [5.0 s]
Epoch 8 [9.6 s]	train=0.1014, validation=0.3439, test=0.3482 [5.0 s]
Epoch 9 [9.6 s]	train=0.0921, validation=0.3423, test=0.3453 [5.0 s]
Epoch 10 [9.6 s]	train=0.0865, validation=0.3413, test=0.3446 [5.8 s]
Epoch 11 [10.4 s]	train=0.0910, validation=0.3415, test=0.3447 [5.5 s]
Epoch 12 [10.3 s]	train=0.0928, validation=0.3417, test=0.3454 [5.0 s]
Epoch 13 [9.8 s]	train=0.0775, validation=0.3413, test=0.3446 [5.1 s]
Epoch 14 [9.8 s]	train=0.0677, validation=0.3417, test=0.3451 [5.1 s]
Epoch 15 [9.9 s]	train=0.0643, validation=0.3412, test=0.3447 [5.0 s]
Epoch 16 [9.6 s]	train=0.0637, validation=0.3406, test=0.3441 [5.0 s]
Epoch 17 [9.8 s]	train=0.0740, validation=0.3418, test=0.3450 [5.1 s]
Epoch 18 [9.7 s]	train=0.0546, validation=0.3414, test=0.3449 [5.2 s]
Epoch 19 [9.6 s]	train=0.0602, validation=0.3419, test=0.3448 [5.0 s]
Epoch 20 [9.9 s]	train=0.0618, validation=0.3418, test=0.3452 [5.0 s]
Epoch 21 [9.9 s]	train=0.0484, validation=0.3431, test=0.3466 [5.3 s]
Epoch 22 [10.1 s]	train=0.0604, validation=0.3416, test=0.3450 [5.0 s]
Epoch 23 [9.9 s]	train=0.0471, validation=0.3428, test=0.3454 [5.3 s]
Epoch 24 [9.6 s]	train=0.0497, validation=0.3431, test=0.3464 [5.0 s]
Epoch 25 [10.0 s]	train=0.0539, validation=0.3432, test=0.3467 [5.0 s]
Epoch 26 [10.3 s]	train=0.0495, validation=0.3437, test=0.3464 [5.0 s]
Best Iter(validation)= 16	 train = 0.0637, valid = 0.3406, test= 0.3441 [394.2 s]
