nohup: 忽略输入
AFM: dataset=frappe, factors=[64,128], layers= [64], attention=2, freeze_fm=0, #epoch=100, batch=128, lr=0.0500, lambda_attention=1.0e+02, keep=[1.0,0.8,0.5], optimizer=AdagradOptimizer, batch_norm=1, decay=0.999000, activation=relu
#params: 708423
Init: 	 train=0.9941, validation=0.9964 , test=0.9970[5.6 s]
Epoch 1 [9.8 s]	train=0.6357, validation=0.5686, test=0.5391 [5.0 s]
Epoch 2 [9.6 s]	train=0.2102, validation=0.3597, test=0.3621 [5.2 s]
Epoch 3 [9.7 s]	train=0.1664, validation=0.3470, test=0.3506 [5.1 s]
Epoch 4 [9.7 s]	train=0.1342, validation=0.3385, test=0.3420 [5.3 s]
Epoch 5 [9.5 s]	train=0.1000, validation=0.3350, test=0.3397 [5.4 s]
Epoch 6 [9.9 s]	train=0.0949, validation=0.3342, test=0.3394 [5.0 s]
Epoch 7 [9.9 s]	train=0.0818, validation=0.3328, test=0.3374 [5.3 s]
Epoch 8 [9.6 s]	train=0.0738, validation=0.3342, test=0.3385 [5.4 s]
Epoch 9 [9.6 s]	train=0.0724, validation=0.3341, test=0.3390 [5.4 s]
Epoch 10 [9.5 s]	train=0.0649, validation=0.3346, test=0.3387 [5.3 s]
Epoch 11 [9.6 s]	train=0.0555, validation=0.3350, test=0.3391 [5.3 s]
Epoch 12 [9.9 s]	train=0.0602, validation=0.3350, test=0.3391 [5.1 s]
Epoch 13 [9.2 s]	train=0.0536, validation=0.3341, test=0.3393 [5.3 s]
Epoch 14 [9.5 s]	train=0.0497, validation=0.3357, test=0.3405 [5.2 s]
Epoch 15 [9.6 s]	train=0.0477, validation=0.3374, test=0.3423 [5.0 s]
Epoch 16 [9.9 s]	train=0.0641, validation=0.3340, test=0.3395 [5.4 s]
Epoch 17 [9.9 s]	train=0.0625, validation=0.3351, test=0.3405 [5.0 s]
Epoch 18 [9.9 s]	train=0.0444, validation=0.3370, test=0.3417 [5.3 s]
Epoch 19 [9.6 s]	train=0.0395, validation=0.3378, test=0.3419 [5.3 s]
Epoch 20 [9.9 s]	train=0.0405, validation=0.3380, test=0.3427 [5.2 s]
Best Iter(validation)= 7	 train = 0.0818, valid = 0.3328, test= 0.3374 [304.8 s]
