nohup: 忽略输入
FM: dataset=frappe, factors=128, #epoch=100, batch=128, lr=0.0010, lambda=0.0e+00, keep=0.50, optimizer=AdagradOptimizer, batch_norm=1
#params: 694279
Init: 	 train=1.0004, validation=1.0004, test=1.0003 [2.2 s]
Epoch 1 [4.2 s]	train=0.5777, validation=0.5929, test=0.5943 [2.1 s]
Epoch 2 [4.1 s]	train=0.5508, validation=0.5701, test=0.5714 [1.9 s]
Epoch 3 [4.4 s]	train=0.5386, validation=0.5604, test=0.5618 [1.9 s]
Epoch 4 [4.4 s]	train=0.5278, validation=0.5515, test=0.5533 [2.1 s]
Epoch 5 [4.0 s]	train=0.5201, validation=0.5456, test=0.5472 [2.3 s]
Epoch 6 [4.0 s]	train=0.5127, validation=0.5400, test=0.5416 [1.9 s]
Epoch 7 [4.4 s]	train=0.5054, validation=0.5343, test=0.5358 [2.1 s]
Epoch 8 [4.0 s]	train=0.4994, validation=0.5299, test=0.5319 [2.0 s]
Epoch 9 [4.0 s]	train=0.4937, validation=0.5252, test=0.5269 [2.1 s]
Epoch 10 [4.0 s]	train=0.4873, validation=0.5212, test=0.5228 [2.1 s]
Epoch 11 [4.0 s]	train=0.4819, validation=0.5168, test=0.5189 [2.1 s]
Epoch 12 [4.0 s]	train=0.4764, validation=0.5130, test=0.5151 [1.9 s]
Epoch 13 [4.0 s]	train=0.4720, validation=0.5099, test=0.5119 [2.0 s]
Epoch 14 [4.0 s]	train=0.4666, validation=0.5055, test=0.5077 [2.0 s]
Epoch 15 [4.6 s]	train=0.4622, validation=0.5025, test=0.5046 [2.7 s]
Epoch 16 [5.3 s]	train=0.4586, validation=0.5006, test=0.5025 [1.8 s]
Epoch 17 [4.5 s]	train=0.4543, validation=0.4974, test=0.4989 [1.8 s]
Epoch 18 [4.0 s]	train=0.4499, validation=0.4939, test=0.4955 [2.2 s]
Epoch 19 [4.0 s]	train=0.4467, validation=0.4920, test=0.4938 [2.1 s]
Epoch 20 [4.0 s]	train=0.4427, validation=0.4893, test=0.4909 [2.0 s]
Epoch 21 [4.0 s]	train=0.4390, validation=0.4867, test=0.4882 [2.1 s]
Epoch 22 [4.0 s]	train=0.4353, validation=0.4839, test=0.4856 [2.1 s]
Epoch 23 [4.0 s]	train=0.4329, validation=0.4829, test=0.4845 [2.1 s]
Epoch 24 [4.5 s]	train=0.4289, validation=0.4793, test=0.4812 [1.8 s]
Epoch 25 [4.0 s]	train=0.4261, validation=0.4777, test=0.4795 [2.0 s]
Epoch 26 [4.4 s]	train=0.4227, validation=0.4753, test=0.4769 [2.3 s]
Epoch 27 [4.9 s]	train=0.4204, validation=0.4741, test=0.4757 [2.7 s]
Epoch 28 [5.4 s]	train=0.4173, validation=0.4716, test=0.4733 [2.2 s]
Epoch 29 [5.2 s]	train=0.4157, validation=0.4713, test=0.4730 [2.6 s]
Epoch 30 [4.4 s]	train=0.4124, validation=0.4686, test=0.4703 [2.0 s]
Epoch 31 [6.9 s]	train=0.4098, validation=0.4663, test=0.4681 [2.4 s]
Epoch 32 [5.1 s]	train=0.4073, validation=0.4646, test=0.4663 [2.6 s]
Epoch 33 [4.0 s]	train=0.4048, validation=0.4633, test=0.4651 [2.0 s]
Epoch 34 [4.1 s]	train=0.4031, validation=0.4629, test=0.4646 [2.1 s]
Epoch 35 [4.0 s]	train=0.4004, validation=0.4607, test=0.4625 [2.2 s]
Epoch 36 [4.0 s]	train=0.3983, validation=0.4595, test=0.4613 [2.1 s]
Epoch 37 [4.0 s]	train=0.3969, validation=0.4591, test=0.4607 [2.1 s]
Epoch 38 [4.0 s]	train=0.3950, validation=0.4580, test=0.4598 [2.1 s]
Epoch 39 [4.0 s]	train=0.3918, validation=0.4554, test=0.4572 [2.1 s]
Epoch 40 [4.0 s]	train=0.3897, validation=0.4538, test=0.4557 [2.0 s]
Epoch 41 [4.0 s]	train=0.3878, validation=0.4530, test=0.4548 [1.9 s]
Epoch 42 [4.4 s]	train=0.3864, validation=0.4522, test=0.4541 [2.1 s]
Epoch 43 [4.0 s]	train=0.3841, validation=0.4505, test=0.4522 [2.1 s]
Epoch 44 [4.0 s]	train=0.3825, validation=0.4496, test=0.4515 [2.0 s]
Epoch 45 [4.0 s]	train=0.3808, validation=0.4489, test=0.4506 [2.0 s]
Epoch 46 [4.1 s]	train=0.3790, validation=0.4474, test=0.4492 [2.1 s]
Epoch 47 [4.1 s]	train=0.3777, validation=0.4460, test=0.4481 [2.2 s]
Epoch 48 [4.0 s]	train=0.3756, validation=0.4454, test=0.4473 [2.1 s]
Epoch 49 [4.0 s]	train=0.3739, validation=0.4445, test=0.4466 [2.1 s]
Epoch 50 [4.0 s]	train=0.3724, validation=0.4438, test=0.4457 [2.2 s]
Epoch 51 [4.0 s]	train=0.3718, validation=0.4441, test=0.4461 [2.0 s]
Epoch 52 [4.0 s]	train=0.3696, validation=0.4423, test=0.4444 [2.0 s]
Epoch 53 [4.0 s]	train=0.3679, validation=0.4411, test=0.4433 [2.0 s]
Epoch 54 [4.2 s]	train=0.3664, validation=0.4402, test=0.4423 [2.0 s]
Epoch 55 [4.0 s]	train=0.3658, validation=0.4407, test=0.4426 [2.0 s]
Epoch 56 [4.0 s]	train=0.3633, validation=0.4380, test=0.4401 [2.0 s]
Epoch 57 [4.0 s]	train=0.3617, validation=0.4367, test=0.4391 [2.0 s]
Epoch 58 [4.0 s]	train=0.3605, validation=0.4362, test=0.4384 [2.1 s]
Epoch 59 [4.0 s]	train=0.3593, validation=0.4361, test=0.4382 [2.0 s]
Epoch 60 [4.0 s]	train=0.3578, validation=0.4349, test=0.4371 [1.9 s]
Epoch 61 [4.4 s]	train=0.3568, validation=0.4347, test=0.4369 [2.1 s]
Epoch 62 [4.0 s]	train=0.3557, validation=0.4342, test=0.4364 [1.8 s]
Epoch 63 [4.5 s]	train=0.3540, validation=0.4329, test=0.4354 [1.9 s]
Epoch 64 [4.3 s]	train=0.3527, validation=0.4315, test=0.4340 [2.0 s]
Epoch 65 [4.2 s]	train=0.3530, validation=0.4335, test=0.4355 [2.0 s]
Epoch 66 [4.0 s]	train=0.3514, validation=0.4325, test=0.4346 [1.9 s]
Epoch 67 [4.5 s]	train=0.3490, validation=0.4291, test=0.4314 [2.0 s]
Epoch 68 [4.2 s]	train=0.3483, validation=0.4303, test=0.4324 [1.8 s]
Epoch 69 [4.5 s]	train=0.3465, validation=0.4288, test=0.4310 [2.0 s]
Epoch 70 [4.2 s]	train=0.3464, validation=0.4297, test=0.4318 [2.0 s]
Epoch 71 [4.0 s]	train=0.3441, validation=0.4271, test=0.4294 [2.1 s]
Epoch 72 [4.0 s]	train=0.3436, validation=0.4276, test=0.4300 [2.0 s]
Epoch 73 [4.0 s]	train=0.3420, validation=0.4259, test=0.4283 [2.0 s]
Epoch 74 [4.0 s]	train=0.3409, validation=0.4254, test=0.4279 [2.1 s]
Epoch 75 [4.0 s]	train=0.3399, validation=0.4252, test=0.4277 [2.2 s]
Epoch 76 [4.0 s]	train=0.3401, validation=0.4265, test=0.4286 [2.1 s]
Epoch 77 [4.0 s]	train=0.3378, validation=0.4242, test=0.4266 [1.9 s]
Epoch 78 [4.4 s]	train=0.3367, validation=0.4232, test=0.4257 [2.0 s]
Epoch 79 [4.2 s]	train=0.3363, validation=0.4241, test=0.4262 [2.1 s]
Epoch 80 [4.0 s]	train=0.3346, validation=0.4219, test=0.4244 [2.0 s]
Epoch 81 [4.0 s]	train=0.3338, validation=0.4221, test=0.4245 [2.0 s]
Epoch 82 [4.0 s]	train=0.3329, validation=0.4219, test=0.4244 [2.1 s]
Epoch 83 [4.0 s]	train=0.3317, validation=0.4208, test=0.4235 [1.8 s]
Epoch 84 [4.5 s]	train=0.3316, validation=0.4218, test=0.4242 [1.8 s]
Epoch 85 [4.5 s]	train=0.3296, validation=0.4194, test=0.4221 [1.8 s]
Epoch 86 [4.5 s]	train=0.3292, validation=0.4202, test=0.4227 [1.8 s]
Epoch 87 [4.5 s]	train=0.3279, validation=0.4194, test=0.4220 [1.9 s]
Epoch 88 [4.5 s]	train=0.3267, validation=0.4181, test=0.4208 [1.9 s]
Epoch 89 [4.0 s]	train=0.3262, validation=0.4171, test=0.4199 [2.0 s]
Epoch 90 [4.0 s]	train=0.3250, validation=0.4169, test=0.4197 [2.1 s]
Epoch 91 [4.0 s]	train=0.3247, validation=0.4178, test=0.4203 [2.1 s]
Epoch 92 [4.0 s]	train=0.3236, validation=0.4170, test=0.4196 [2.3 s]
Epoch 93 [7.6 s]	train=0.3226, validation=0.4164, test=0.4191 [2.6 s]
Epoch 94 [7.0 s]	train=0.3216, validation=0.4151, test=0.4179 [2.6 s]
Epoch 95 [7.0 s]	train=0.3207, validation=0.4146, test=0.4173 [2.6 s]
Epoch 96 [7.3 s]	train=0.3198, validation=0.4138, test=0.4166 [2.6 s]
Epoch 97 [6.9 s]	train=0.3189, validation=0.4136, test=0.4163 [2.6 s]
Epoch 98 [7.0 s]	train=0.3196, validation=0.4159, test=0.4184 [2.3 s]
Epoch 99 [4.5 s]	train=0.3172, validation=0.4133, test=0.4161 [2.1 s]
Epoch 100 [4.0 s]	train=0.3163, validation=0.4124, test=0.4152 [2.0 s]
Save model to file as pretrain.
Best Iter(validation)= 100	 train = 0.3163, valid = 0.4124, test = 0.4152 [650.7 s]
