nohup: 忽略输入
FM: dataset=frappe, factors=128, #epoch=100, batch=128, lr=0.0500, lambda=0.0e+00, keep=0.50, optimizer=AdagradOptimizer, batch_norm=1
#params: 694279
Init: 	 train=1.0004, validation=1.0004, test=1.0003 [2.7 s]
Epoch 1 [5.9 s]	train=0.7301, validation=0.7433, test=0.7476 [1.8 s]
Epoch 2 [4.0 s]	train=0.6359, validation=0.6549, test=0.6586 [1.8 s]
Epoch 3 [4.0 s]	train=0.5860, validation=0.6087, test=0.6119 [1.8 s]
Epoch 4 [4.0 s]	train=0.5598, validation=0.5857, test=0.5885 [1.8 s]
Epoch 5 [4.0 s]	train=0.5352, validation=0.5627, test=0.5654 [1.8 s]
Epoch 6 [4.0 s]	train=0.5211, validation=0.5506, test=0.5532 [1.8 s]
Epoch 7 [4.0 s]	train=0.5095, validation=0.5421, test=0.5447 [1.8 s]
Epoch 8 [4.0 s]	train=0.4969, validation=0.5317, test=0.5340 [1.9 s]
Epoch 9 [4.0 s]	train=0.4876, validation=0.5250, test=0.5274 [1.8 s]
Epoch 10 [4.0 s]	train=0.4796, validation=0.5190, test=0.5217 [1.8 s]
Epoch 11 [4.0 s]	train=0.4715, validation=0.5129, test=0.5156 [1.8 s]
Epoch 12 [4.0 s]	train=0.4664, validation=0.5107, test=0.5136 [1.8 s]
Epoch 13 [4.0 s]	train=0.4574, validation=0.5037, test=0.5064 [1.8 s]
Epoch 14 [4.0 s]	train=0.4541, validation=0.5030, test=0.5057 [1.8 s]
Epoch 15 [4.0 s]	train=0.4439, validation=0.4944, test=0.4970 [1.8 s]
Epoch 16 [4.0 s]	train=0.4388, validation=0.4908, test=0.4936 [1.8 s]
Epoch 17 [4.0 s]	train=0.4343, validation=0.4890, test=0.4916 [1.8 s]
Epoch 18 [4.0 s]	train=0.4281, validation=0.4841, test=0.4867 [1.8 s]
Epoch 19 [4.0 s]	train=0.4243, validation=0.4824, test=0.4850 [1.8 s]
Epoch 20 [4.0 s]	train=0.4194, validation=0.4787, test=0.4815 [1.9 s]
Epoch 21 [4.0 s]	train=0.4146, validation=0.4763, test=0.4792 [1.8 s]
Epoch 22 [4.0 s]	train=0.4117, validation=0.4756, test=0.4785 [1.8 s]
Epoch 23 [7.1 s]	train=0.4058, validation=0.4707, test=0.4743 [2.0 s]
Epoch 24 [4.0 s]	train=0.4025, validation=0.4686, test=0.4722 [1.8 s]
Epoch 25 [5.5 s]	train=0.3995, validation=0.4677, test=0.4714 [1.8 s]
Epoch 26 [4.0 s]	train=0.3948, validation=0.4641, test=0.4679 [1.8 s]
Epoch 27 [4.0 s]	train=0.3916, validation=0.4620, test=0.4656 [1.8 s]
Epoch 28 [4.0 s]	train=0.3879, validation=0.4604, test=0.4642 [1.8 s]
Epoch 29 [4.0 s]	train=0.3858, validation=0.4602, test=0.4644 [2.0 s]
Epoch 30 [6.8 s]	train=0.3824, validation=0.4581, test=0.4623 [2.7 s]
Epoch 31 [6.9 s]	train=0.3793, validation=0.4565, test=0.4606 [2.6 s]
Epoch 32 [6.9 s]	train=0.3756, validation=0.4532, test=0.4576 [2.6 s]
Epoch 33 [7.2 s]	train=0.3733, validation=0.4525, test=0.4570 [2.1 s]
Epoch 34 [5.4 s]	train=0.3720, validation=0.4530, test=0.4573 [1.9 s]
Epoch 35 [5.5 s]	train=0.3681, validation=0.4492, test=0.4535 [2.6 s]
Epoch 36 [6.9 s]	train=0.3667, validation=0.4501, test=0.4546 [2.6 s]
Epoch 37 [6.9 s]	train=0.3636, validation=0.4482, test=0.4526 [2.6 s]
Epoch 38 [6.2 s]	train=0.3609, validation=0.4464, test=0.4507 [2.5 s]
Epoch 39 [6.6 s]	train=0.3581, validation=0.4444, test=0.4488 [2.5 s]
Epoch 40 [6.6 s]	train=0.3562, validation=0.4444, test=0.4485 [2.6 s]
Epoch 41 [7.6 s]	train=0.3536, validation=0.4425, test=0.4467 [2.3 s]
Epoch 42 [6.9 s]	train=0.3556, validation=0.4466, test=0.4506 [3.0 s]
Epoch 43 [6.7 s]	train=0.3505, validation=0.4411, test=0.4452 [2.3 s]
Epoch 44 [6.9 s]	train=0.3493, validation=0.4416, test=0.4460 [2.6 s]
Epoch 45 [6.7 s]	train=0.3463, validation=0.4393, test=0.4436 [2.5 s]
Epoch 46 [6.5 s]	train=0.3441, validation=0.4378, test=0.4421 [2.4 s]
Epoch 47 [6.6 s]	train=0.3439, validation=0.4401, test=0.4444 [2.5 s]
Epoch 48 [6.6 s]	train=0.3410, validation=0.4381, test=0.4425 [2.6 s]
Epoch 49 [6.5 s]	train=0.3387, validation=0.4349, test=0.4393 [2.7 s]
Epoch 50 [7.8 s]	train=0.3364, validation=0.4335, test=0.4375 [2.6 s]
Epoch 51 [6.2 s]	train=0.3357, validation=0.4350, test=0.4390 [2.6 s]
Epoch 52 [7.0 s]	train=0.3330, validation=0.4329, test=0.4368 [2.6 s]
Epoch 53 [7.0 s]	train=0.3309, validation=0.4312, test=0.4349 [2.7 s]
Epoch 54 [6.8 s]	train=0.3295, validation=0.4310, test=0.4349 [2.6 s]
Epoch 55 [6.9 s]	train=0.3331, validation=0.4363, test=0.4402 [2.6 s]
Epoch 56 [7.0 s]	train=0.3272, validation=0.4301, test=0.4341 [2.6 s]
Epoch 57 [6.3 s]	train=0.3244, validation=0.4274, test=0.4316 [2.6 s]
Epoch 58 [6.8 s]	train=0.3245, validation=0.4294, test=0.4335 [2.6 s]
Epoch 59 [7.0 s]	train=0.3229, validation=0.4288, test=0.4329 [2.6 s]
Epoch 60 [6.9 s]	train=0.3208, validation=0.4261, test=0.4303 [2.6 s]
Epoch 61 [6.9 s]	train=0.3199, validation=0.4260, test=0.4305 [2.6 s]
Epoch 62 [7.0 s]	train=0.3184, validation=0.4265, test=0.4310 [2.6 s]
Epoch 63 [6.9 s]	train=0.3160, validation=0.4242, test=0.4287 [2.4 s]
Epoch 64 [8.1 s]	train=0.3156, validation=0.4239, test=0.4285 [3.0 s]
Epoch 65 [7.0 s]	train=0.3136, validation=0.4226, test=0.4275 [2.8 s]
Epoch 66 [6.7 s]	train=0.3121, validation=0.4229, test=0.4278 [2.6 s]
Epoch 67 [6.8 s]	train=0.3110, validation=0.4214, test=0.4262 [2.6 s]
Epoch 68 [6.9 s]	train=0.3104, validation=0.4223, test=0.4273 [2.6 s]
Epoch 69 [6.9 s]	train=0.3087, validation=0.4204, test=0.4253 [2.6 s]
Epoch 70 [6.9 s]	train=0.3091, validation=0.4224, test=0.4272 [2.6 s]
Epoch 71 [6.9 s]	train=0.3066, validation=0.4201, test=0.4251 [2.5 s]
Epoch 72 [8.3 s]	train=0.3056, validation=0.4188, test=0.4241 [2.5 s]
Epoch 73 [7.2 s]	train=0.3045, validation=0.4181, test=0.4236 [2.0 s]
Epoch 74 [6.6 s]	train=0.3036, validation=0.4187, test=0.4236 [2.5 s]
Epoch 75 [6.7 s]	train=0.3020, validation=0.4177, test=0.4227 [2.5 s]
Epoch 76 [6.7 s]	train=0.3017, validation=0.4186, test=0.4239 [2.5 s]
Epoch 77 [6.8 s]	train=0.2995, validation=0.4172, test=0.4224 [2.6 s]
Epoch 78 [6.9 s]	train=0.2983, validation=0.4155, test=0.4206 [2.6 s]
Epoch 79 [6.9 s]	train=0.2977, validation=0.4153, test=0.4203 [2.6 s]
Epoch 80 [6.7 s]	train=0.2979, validation=0.4173, test=0.4223 [2.6 s]
Epoch 81 [8.7 s]	train=0.2965, validation=0.4167, test=0.4215 [2.6 s]
Epoch 82 [6.8 s]	train=0.2972, validation=0.4190, test=0.4237 [2.2 s]
Epoch 83 [6.9 s]	train=0.2930, validation=0.4136, test=0.4185 [2.6 s]
Epoch 84 [6.9 s]	train=0.2935, validation=0.4157, test=0.4203 [2.6 s]
Epoch 85 [7.0 s]	train=0.2921, validation=0.4139, test=0.4187 [2.6 s]
Epoch 86 [6.9 s]	train=0.2910, validation=0.4135, test=0.4187 [2.6 s]
Epoch 87 [7.1 s]	train=0.2907, validation=0.4140, test=0.4190 [2.2 s]
Epoch 88 [6.9 s]	train=0.2885, validation=0.4116, test=0.4168 [2.8 s]
Epoch 89 [6.8 s]	train=0.2882, validation=0.4120, test=0.4171 [2.6 s]
Epoch 90 [6.8 s]	train=0.2869, validation=0.4110, test=0.4159 [2.3 s]
Epoch 91 [6.8 s]	train=0.2869, validation=0.4123, test=0.4172 [2.6 s]
Epoch 92 [6.9 s]	train=0.2855, validation=0.4112, test=0.4163 [2.6 s]
Epoch 93 [6.7 s]	train=0.2838, validation=0.4090, test=0.4141 [2.6 s]
Epoch 94 [6.8 s]	train=0.2856, validation=0.4133, test=0.4182 [2.6 s]
Epoch 95 [6.6 s]	train=0.2840, validation=0.4119, test=0.4167 [2.8 s]
Epoch 96 [8.7 s]	train=0.2823, validation=0.4103, test=0.4150 [2.6 s]
Epoch 97 [6.9 s]	train=0.2805, validation=0.4083, test=0.4133 [2.6 s]
Epoch 98 [6.2 s]	train=0.2820, validation=0.4119, test=0.4167 [2.6 s]
Epoch 99 [7.0 s]	train=0.2789, validation=0.4080, test=0.4131 [2.6 s]
Epoch 100 [6.9 s]	train=0.2811, validation=0.4117, test=0.4164 [2.6 s]
Save model to file as pretrain.
Best Iter(validation)= 99	 train = 0.2789, valid = 0.4080, test = 0.4131 [850.4 s]
