nohup: 忽略输入
Neural FM: dataset=frappe, hidden_factor=128, dropout_keep=[0.8,0.5], layers=[64], loss_type=square_loss, pretrain=0, #epoch=100, batch=128, lr=0.0010, lambda=0.0000, optimizer=AdagradOptimizer, batch_norm=1, activation=relu, early_stop=1
#params: 702599
Init: 	 train=0.9836, validation=0.9840, test=0.9847 [2.2 s]
Epoch 1 [5.6 s]	train=0.6613, validation=0.6761, test=0.6771 [2.9 s]
Epoch 2 [9.6 s]	train=0.6060, validation=0.6251, test=0.6251 [2.6 s]
Epoch 3 [7.4 s]	train=0.5786, validation=0.6009, test=0.6015 [2.2 s]
Epoch 4 [5.5 s]	train=0.5640, validation=0.5874, test=0.5878 [2.0 s]
Epoch 5 [4.9 s]	train=0.5514, validation=0.5767, test=0.5775 [2.4 s]
Epoch 6 [4.9 s]	train=0.5359, validation=0.5643, test=0.5662 [2.2 s]
Epoch 7 [5.7 s]	train=0.5373, validation=0.5656, test=0.5658 [2.1 s]
Epoch 8 [5.0 s]	train=0.5220, validation=0.5532, test=0.5546 [2.4 s]
Epoch 9 [5.9 s]	train=0.5117, validation=0.5453, test=0.5473 [2.0 s]
Epoch 10 [5.1 s]	train=0.5081, validation=0.5427, test=0.5434 [2.3 s]
Epoch 11 [5.1 s]	train=0.5027, validation=0.5385, test=0.5389 [2.6 s]
Epoch 12 [4.9 s]	train=0.4917, validation=0.5297, test=0.5310 [2.1 s]
Epoch 13 [4.9 s]	train=0.4872, validation=0.5266, test=0.5278 [1.8 s]
Epoch 14 [5.0 s]	train=0.4847, validation=0.5250, test=0.5254 [2.4 s]
Epoch 15 [5.0 s]	train=0.4779, validation=0.5202, test=0.5209 [2.4 s]
Epoch 16 [5.4 s]	train=0.4650, validation=0.5099, test=0.5117 [1.9 s]
Epoch 17 [5.4 s]	train=0.4653, validation=0.5115, test=0.5122 [1.9 s]
Epoch 18 [5.4 s]	train=0.4567, validation=0.5049, test=0.5064 [1.9 s]
Epoch 19 [5.4 s]	train=0.4503, validation=0.5004, test=0.5017 [1.9 s]
Epoch 20 [5.4 s]	train=0.4425, validation=0.4947, test=0.4963 [1.9 s]
Epoch 21 [5.4 s]	train=0.4366, validation=0.4904, test=0.4922 [1.9 s]
Epoch 22 [5.5 s]	train=0.4336, validation=0.4893, test=0.4907 [1.8 s]
Epoch 23 [5.4 s]	train=0.4289, validation=0.4861, test=0.4877 [1.9 s]
Epoch 24 [5.4 s]	train=0.4217, validation=0.4805, test=0.4826 [1.9 s]
Epoch 25 [5.4 s]	train=0.4170, validation=0.4776, test=0.4797 [1.8 s]
Epoch 26 [5.4 s]	train=0.4138, validation=0.4761, test=0.4778 [1.8 s]
Epoch 27 [5.5 s]	train=0.4093, validation=0.4733, test=0.4751 [1.9 s]
Epoch 28 [5.4 s]	train=0.4043, validation=0.4699, test=0.4718 [1.9 s]
Epoch 29 [5.4 s]	train=0.4001, validation=0.4671, test=0.4694 [1.9 s]
Epoch 30 [5.4 s]	train=0.3934, validation=0.4621, test=0.4649 [1.8 s]
Epoch 31 [5.4 s]	train=0.3925, validation=0.4628, test=0.4651 [1.8 s]
Epoch 32 [5.4 s]	train=0.3879, validation=0.4598, test=0.4621 [1.9 s]
Epoch 33 [5.4 s]	train=0.3841, validation=0.4578, test=0.4601 [1.9 s]
Epoch 34 [5.4 s]	train=0.3826, validation=0.4574, test=0.4596 [1.8 s]
Epoch 35 [5.4 s]	train=0.3788, validation=0.4553, test=0.4576 [1.9 s]
Epoch 36 [5.4 s]	train=0.3721, validation=0.4504, test=0.4533 [1.9 s]
Epoch 37 [5.4 s]	train=0.3679, validation=0.4479, test=0.4506 [1.8 s]
Epoch 38 [5.2 s]	train=0.3631, validation=0.4450, test=0.4482 [2.2 s]
Epoch 39 [5.1 s]	train=0.3564, validation=0.4396, test=0.4438 [2.2 s]
Epoch 40 [5.4 s]	train=0.3571, validation=0.4414, test=0.4446 [1.9 s]
Epoch 41 [5.5 s]	train=0.3498, validation=0.4362, test=0.4398 [2.6 s]
Epoch 42 [8.6 s]	train=0.3496, validation=0.4372, test=0.4399 [2.6 s]
Epoch 43 [8.6 s]	train=0.3481, validation=0.4373, test=0.4398 [2.6 s]
Epoch 44 [8.1 s]	train=0.3401, validation=0.4312, test=0.4347 [2.0 s]
Epoch 45 [5.4 s]	train=0.3417, validation=0.4338, test=0.4367 [1.9 s]
Epoch 46 [5.2 s]	train=0.3349, validation=0.4288, test=0.4324 [2.1 s]
Epoch 47 [5.4 s]	train=0.3363, validation=0.4309, test=0.4339 [1.9 s]
Epoch 48 [5.4 s]	train=0.3325, validation=0.4289, test=0.4319 [1.9 s]
Epoch 49 [7.5 s]	train=0.3261, validation=0.4241, test=0.4277 [2.6 s]
Epoch 50 [7.8 s]	train=0.3258, validation=0.4247, test=0.4283 [2.7 s]
Epoch 51 [8.6 s]	train=0.3225, validation=0.4229, test=0.4264 [2.6 s]
Epoch 52 [8.6 s]	train=0.3219, validation=0.4237, test=0.4270 [2.5 s]
Epoch 53 [8.2 s]	train=0.3149, validation=0.4177, test=0.4217 [2.6 s]
Epoch 54 [8.3 s]	train=0.3113, validation=0.4158, test=0.4200 [2.6 s]
Epoch 55 [9.0 s]	train=0.3096, validation=0.4152, test=0.4191 [2.1 s]
Epoch 56 [8.9 s]	train=0.3068, validation=0.4139, test=0.4179 [2.6 s]
Epoch 57 [8.8 s]	train=0.3043, validation=0.4123, test=0.4161 [2.6 s]
Epoch 58 [8.8 s]	train=0.3009, validation=0.4105, test=0.4146 [2.3 s]
Epoch 59 [8.6 s]	train=0.3017, validation=0.4125, test=0.4157 [2.6 s]
Epoch 60 [8.6 s]	train=0.2957, validation=0.4078, test=0.4117 [2.5 s]
Epoch 61 [8.0 s]	train=0.2929, validation=0.4055, test=0.4097 [2.6 s]
Epoch 62 [7.8 s]	train=0.2941, validation=0.4084, test=0.4120 [2.6 s]
Epoch 63 [8.6 s]	train=0.2896, validation=0.4056, test=0.4095 [2.6 s]
Epoch 64 [8.6 s]	train=0.2864, validation=0.4026, test=0.4066 [2.4 s]
Epoch 65 [8.4 s]	train=0.2863, validation=0.4040, test=0.4078 [2.6 s]
Epoch 66 [8.7 s]	train=0.2825, validation=0.4005, test=0.4048 [2.6 s]
Epoch 67 [8.2 s]	train=0.2808, validation=0.4010, test=0.4050 [2.6 s]
Epoch 68 [9.3 s]	train=0.2773, validation=0.3989, test=0.4032 [2.1 s]
Epoch 69 [8.7 s]	train=0.2773, validation=0.3998, test=0.4035 [2.7 s]
Epoch 70 [8.8 s]	train=0.2766, validation=0.3993, test=0.4030 [2.6 s]
Epoch 71 [8.8 s]	train=0.2742, validation=0.3980, test=0.4020 [2.1 s]
Epoch 72 [8.6 s]	train=0.2741, validation=0.3994, test=0.4028 [2.5 s]
Epoch 73 [9.2 s]	train=0.2696, validation=0.3963, test=0.4004 [2.3 s]
Epoch 74 [9.2 s]	train=0.2655, validation=0.3929, test=0.3974 [2.3 s]
Epoch 75 [8.7 s]	train=0.2683, validation=0.3957, test=0.3995 [2.6 s]
Epoch 76 [8.8 s]	train=0.2665, validation=0.3948, test=0.3988 [2.6 s]
Epoch 77 [8.6 s]	train=0.2620, validation=0.3914, test=0.3959 [2.1 s]
Epoch 78 [8.6 s]	train=0.2602, validation=0.3908, test=0.3951 [2.6 s]
Epoch 79 [8.8 s]	train=0.2587, validation=0.3908, test=0.3947 [2.7 s]
Epoch 80 [8.2 s]	train=0.2588, validation=0.3910, test=0.3949 [2.6 s]
Epoch 81 [9.2 s]	train=0.2536, validation=0.3865, test=0.3912 [2.1 s]
Epoch 82 [8.8 s]	train=0.2559, validation=0.3899, test=0.3936 [2.6 s]
Epoch 83 [8.6 s]	train=0.2510, validation=0.3858, test=0.3904 [2.6 s]
Epoch 84 [8.8 s]	train=0.2482, validation=0.3832, test=0.3881 [2.1 s]
Epoch 85 [8.6 s]	train=0.2476, validation=0.3839, test=0.3886 [2.7 s]
Epoch 86 [9.2 s]	train=0.2476, validation=0.3850, test=0.3892 [2.0 s]
Epoch 87 [9.3 s]	train=0.2448, validation=0.3822, test=0.3869 [2.2 s]
Epoch 88 [8.6 s]	train=0.2409, validation=0.3799, test=0.3848 [2.6 s]
Epoch 89 [8.8 s]	train=0.2424, validation=0.3825, test=0.3868 [2.6 s]
Epoch 90 [8.0 s]	train=0.2401, validation=0.3811, test=0.3854 [2.4 s]
Epoch 91 [8.7 s]	train=0.2431, validation=0.3843, test=0.3876 [2.6 s]
Epoch 92 [8.8 s]	train=0.2381, validation=0.3799, test=0.3842 [2.5 s]
Epoch 93 [8.5 s]	train=0.2340, validation=0.3770, test=0.3818 [2.8 s]
Epoch 94 [8.7 s]	train=0.2356, validation=0.3795, test=0.3833 [2.6 s]
Epoch 95 [8.7 s]	train=0.2320, validation=0.3761, test=0.3808 [2.6 s]
Epoch 96 [8.8 s]	train=0.2346, validation=0.3793, test=0.3830 [2.3 s]
Epoch 97 [8.7 s]	train=0.2325, validation=0.3777, test=0.3819 [2.6 s]
Epoch 98 [8.7 s]	train=0.2277, validation=0.3744, test=0.3792 [2.6 s]
Epoch 99 [7.7 s]	train=0.2286, validation=0.3755, test=0.3800 [2.6 s]
Epoch 100 [9.2 s]	train=0.2281, validation=0.3753, test=0.3798 [2.2 s]
Best Iter(validation)= 98	 train = 0.2277, valid = 0.3744, test = 0.3792 [952.1 s]
