nohup: 忽略输入
Neural FM: dataset=frappe, hidden_factor=128, dropout_keep=[0.8,0.5], layers=[64], loss_type=square_loss, pretrain=0, #epoch=100, batch=128, lr=0.0500, lambda=0.0000, optimizer=AdagradOptimizer, batch_norm=1, activation=relu, early_stop=1
#params: 702599
Init: 	 train=0.9863, validation=0.9866, test=0.9872 [2.0 s]
Epoch 1 [4.9 s]	train=0.4969, validation=0.5258, test=0.5259 [1.8 s]
Epoch 2 [4.9 s]	train=0.3919, validation=0.4524, test=0.4551 [1.9 s]
Epoch 3 [4.9 s]	train=0.3282, validation=0.4152, test=0.4186 [1.8 s]
Epoch 4 [4.9 s]	train=0.2866, validation=0.3935, test=0.3962 [1.9 s]
Epoch 5 [4.9 s]	train=0.2585, validation=0.3799, test=0.3829 [1.8 s]
Epoch 6 [4.9 s]	train=0.2348, validation=0.3684, test=0.3736 [1.8 s]
Epoch 7 [4.9 s]	train=0.2207, validation=0.3613, test=0.3660 [1.8 s]
Epoch 8 [4.9 s]	train=0.1973, validation=0.3528, test=0.3589 [1.9 s]
Epoch 9 [4.9 s]	train=0.1831, validation=0.3472, test=0.3523 [1.9 s]
Epoch 10 [4.9 s]	train=0.1728, validation=0.3431, test=0.3482 [1.8 s]
Epoch 11 [4.9 s]	train=0.1629, validation=0.3378, test=0.3432 [1.9 s]
Epoch 12 [4.9 s]	train=0.1547, validation=0.3359, test=0.3405 [1.9 s]
Epoch 13 [4.9 s]	train=0.1457, validation=0.3313, test=0.3375 [1.9 s]
Epoch 14 [5.3 s]	train=0.1432, validation=0.3296, test=0.3366 [1.9 s]
Epoch 15 [5.4 s]	train=0.1369, validation=0.3282, test=0.3337 [1.8 s]
Epoch 16 [4.9 s]	train=0.1315, validation=0.3266, test=0.3329 [1.9 s]
Epoch 17 [4.9 s]	train=0.1253, validation=0.3254, test=0.3312 [1.9 s]
Epoch 18 [4.9 s]	train=0.1213, validation=0.3244, test=0.3301 [1.8 s]
Epoch 19 [4.9 s]	train=0.1208, validation=0.3231, test=0.3295 [1.8 s]
Epoch 20 [4.9 s]	train=0.1168, validation=0.3208, test=0.3294 [1.8 s]
Epoch 21 [4.9 s]	train=0.1153, validation=0.3209, test=0.3285 [1.8 s]
Epoch 22 [4.9 s]	train=0.1111, validation=0.3212, test=0.3278 [1.8 s]
Epoch 23 [4.9 s]	train=0.1093, validation=0.3200, test=0.3264 [1.8 s]
Epoch 24 [4.9 s]	train=0.1107, validation=0.3197, test=0.3267 [1.8 s]
Epoch 25 [4.9 s]	train=0.1056, validation=0.3178, test=0.3250 [1.8 s]
Epoch 26 [4.9 s]	train=0.1062, validation=0.3175, test=0.3244 [1.9 s]
Epoch 27 [4.9 s]	train=0.1009, validation=0.3189, test=0.3260 [1.8 s]
Epoch 28 [4.9 s]	train=0.1017, validation=0.3163, test=0.3239 [1.9 s]
Epoch 29 [4.9 s]	train=0.1023, validation=0.3157, test=0.3238 [1.8 s]
Epoch 30 [4.9 s]	train=0.1007, validation=0.3151, test=0.3237 [1.8 s]
Epoch 31 [4.9 s]	train=0.0966, validation=0.3160, test=0.3233 [1.9 s]
Epoch 32 [4.9 s]	train=0.0997, validation=0.3157, test=0.3233 [1.9 s]
Epoch 33 [4.9 s]	train=0.0958, validation=0.3152, test=0.3225 [1.9 s]
Epoch 34 [4.9 s]	train=0.0938, validation=0.3154, test=0.3222 [1.8 s]
Epoch 35 [4.9 s]	train=0.0927, validation=0.3142, test=0.3215 [1.8 s]
Epoch 36 [4.9 s]	train=0.0925, validation=0.3144, test=0.3219 [1.9 s]
Epoch 37 [4.9 s]	train=0.0975, validation=0.3146, test=0.3211 [1.8 s]
Epoch 38 [4.8 s]	train=0.0885, validation=0.3147, test=0.3215 [1.9 s]
Epoch 39 [4.9 s]	train=0.0910, validation=0.3149, test=0.3218 [1.8 s]
Best Iter(validation)= 35	 train = 0.0927, valid = 0.3142, test = 0.3215 [266.3 s]
