usage: AFM.py [-h] [--process [PROCESS]] [--mla MLA] [--path [PATH]]
              [--dataset [DATASET]] [--valid_dimen VALID_DIMEN]
              [--epoch EPOCH] [--pretrain PRETRAIN] [--batch_size BATCH_SIZE]
              [--attention ATTENTION] [--hidden_factor [HIDDEN_FACTOR]]
              [--lamda_attention LAMDA_ATTENTION] [--keep [KEEP]] [--lr LR]
              [--freeze_fm FREEZE_FM] [--optimizer [OPTIMIZER]]
              [--verbose VERBOSE] [--batch_norm BATCH_NORM] [--decay DECAY]
              [--activation [ACTIVATION]]
AFM.py: error: argument --epoch: expected one argument
usage: AFM.py [-h] [--process [PROCESS]] [--mla MLA] [--path [PATH]]
              [--dataset [DATASET]] [--valid_dimen VALID_DIMEN]
              [--epoch EPOCH] [--pretrain PRETRAIN] [--batch_size BATCH_SIZE]
              [--attention ATTENTION] [--hidden_factor [HIDDEN_FACTOR]]
              [--lamda_attention LAMDA_ATTENTION] [--keep [KEEP]] [--lr LR]
              [--freeze_fm FREEZE_FM] [--optimizer [OPTIMIZER]]
              [--verbose VERBOSE] [--batch_norm BATCH_NORM] [--decay DECAY]
              [--activation [ACTIVATION]]
AFM.py: error: argument --epoch: expected one argument
usage: AFM.py [-h] [--process [PROCESS]] [--mla MLA] [--path [PATH]]
              [--dataset [DATASET]] [--valid_dimen VALID_DIMEN]
              [--epoch EPOCH] [--pretrain PRETRAIN] [--batch_size BATCH_SIZE]
              [--attention ATTENTION] [--hidden_factor [HIDDEN_FACTOR]]
              [--lamda_attention LAMDA_ATTENTION] [--keep [KEEP]] [--lr LR]
              [--freeze_fm FREEZE_FM] [--optimizer [OPTIMIZER]]
              [--verbose VERBOSE] [--batch_norm BATCH_NORM] [--decay DECAY]
              [--activation [ACTIVATION]]
AFM.py: error: argument --epoch: expected one argument
usage: AFM.py [-h] [--process [PROCESS]] [--mla MLA] [--path [PATH]]
              [--dataset [DATASET]] [--valid_dimen VALID_DIMEN]
              [--epoch EPOCH] [--pretrain PRETRAIN] [--batch_size BATCH_SIZE]
              [--attention ATTENTION] [--hidden_factor [HIDDEN_FACTOR]]
              [--lamda_attention LAMDA_ATTENTION] [--keep [KEEP]] [--lr LR]
              [--freeze_fm FREEZE_FM] [--optimizer [OPTIMIZER]]
              [--verbose VERBOSE] [--batch_norm BATCH_NORM] [--decay DECAY]
              [--activation [ACTIVATION]]
AFM.py: error: argument --epoch: expected one argument
